<?xml version="1.0" encoding="UTF-8"?><testrun name="GoogleSearchRunner" project="FiservCodingAssesment" tests="1" started="1" failures="0" errors="1" ignored="0">
  <testsuite name="com.runners.GoogleSearchRunner" time="3.927">
    <testsuite name="Perform Google search" time="3.927">
      <testcase name="Google search validation" classname="Perform Google search" time="3.927">
        <error>org.openqa.selenium.ElementNotInteractableException: element not interactable
  (Session info: chrome=90.0.4430.212)
Build info: version: '3.141.59', revision: 'e82be7d358', time: '2018-11-14T08:17:03'
System info: host: 'DESKTOP-UM0S4VN', ip: '10.0.0.77', os.name: 'Windows 10', os.arch: 'amd64', os.version: '10.0', java.version: '15.0.2'
Driver info: org.openqa.selenium.chrome.ChromeDriver
Capabilities {acceptInsecureCerts: false, browserName: chrome, browserVersion: 90.0.4430.212, chrome: {chromedriverVersion: 90.0.4430.24 (4c6d850f087da..., userDataDir: C:\Users\WHITES~1\AppData\L...}, goog:chromeOptions: {debuggerAddress: localhost:60494}, javascriptEnabled: true, networkConnectionEnabled: false, pageLoadStrategy: normal, platform: WINDOWS, platformName: WINDOWS, proxy: Proxy(), setWindowRect: true, strictFileInteractability: false, timeouts: {implicit: 0, pageLoad: 300000, script: 30000}, unhandledPromptBehavior: dismiss and notify, webauthn:extension:largeBlob: true, webauthn:virtualAuthenticators: true}
Session ID: a246a1eaa882d10ff4b2f7ac522b8d33&#13;
	at java.base/jdk.internal.reflect.NativeConstructorAccessorImpl.newInstance0(Native Method)&#13;
	at java.base/jdk.internal.reflect.NativeConstructorAccessorImpl.newInstance(NativeConstructorAccessorImpl.java:64)&#13;
	at java.base/jdk.internal.reflect.DelegatingConstructorAccessorImpl.newInstance(DelegatingConstructorAccessorImpl.java:45)&#13;
	at java.base/java.lang.reflect.Constructor.newInstanceWithCaller(Constructor.java:500)&#13;
	at java.base/java.lang.reflect.Constructor.newInstance(Constructor.java:481)&#13;
	at org.openqa.selenium.remote.http.W3CHttpResponseCodec.createException(W3CHttpResponseCodec.java:187)&#13;
	at org.openqa.selenium.remote.http.W3CHttpResponseCodec.decode(W3CHttpResponseCodec.java:122)&#13;
	at org.openqa.selenium.remote.http.W3CHttpResponseCodec.decode(W3CHttpResponseCodec.java:49)&#13;
	at org.openqa.selenium.remote.HttpCommandExecutor.execute(HttpCommandExecutor.java:158)&#13;
	at org.openqa.selenium.remote.service.DriverCommandExecutor.execute(DriverCommandExecutor.java:83)&#13;
	at org.openqa.selenium.remote.RemoteWebDriver.execute(RemoteWebDriver.java:552)&#13;
	at org.openqa.selenium.remote.RemoteWebElement.execute(RemoteWebElement.java:285)&#13;
	at org.openqa.selenium.remote.RemoteWebElement.click(RemoteWebElement.java:84)&#13;
	at com.Pages.GoogleHomePage.clickSearchButton(GoogleHomePage.java:28)&#13;
	at com.StepDefinitions.GoogleSearchSteps.click_on_search_button(GoogleSearchSteps.java:34)&#13;
	at âœ½.click on search button(file:///C:/Users/WhiteShadow/FiservCodingAssesment/FiservCodingAssesment/src/test/resources/com/features/GoogleSearch.feature:7)&#13;
&#13;
</error>
      </testcase>
    </testsuite>
  </testsuite>
</testrun>
